weining_v0.6/build/outputs/logs/manifest-merger-armv7-release-report.txt
-- Merging decision tree log ---
permission#com.suneee.weining.permission.C2D_MESSAGE
INJECTED from weining_v0.6\AndroidManifest.xml:76:5-78:47
MERGED from [com.aliyun.ams:alicloud-android-third-push:3.0.3] AndroidManifest.xml:15:5-17:47
	android:protectionLevel
		ADDED from weining_v0.6\AndroidManifest.xml:78:9-44
	android:name
		INJECTED from weining_v0.6\AndroidManifest.xml
		ADDED from weining_v0.6\AndroidManifest.xml:77:9-63
uses-permission#com.suneee.weining.permission.C2D_MESSAGE
INJECTED from weining_v0.6\AndroidManifest.xml:80:5-79
MERGED from [com.aliyun.ams:alicloud-android-third-push:3.0.3] AndroidManifest.xml:24:5-79
	android:name
		INJECTED from weining_v0.6\AndroidManifest.xml
		ADDED from weining_v0.6\AndroidManifest.xml:80:22-76
category#com.suneee.weining
INJECTED from weining_v0.6\AndroidManifest.xml:198:17-61
	android:name
		INJECTED from weining_v0.6\AndroidManifest.xml
		ADDED from weining_v0.6\AndroidManifest.xml:198:27-58
manifest
ADDED from weining_v0.6\AndroidManifest.xml:2:1-612:12
INJECTED from weining_v0.6\AndroidManifest.xml:2:1-612:12
INJECTED from weining_v0.6\AndroidManifest.xml:2:1-612:12
INJECTED from weining_v0.6\AndroidManifest.xml:2:1-612:12
MERGED from [io.realm:realm-android-library:4.2.0] AndroidManifest.xml:2:1-11:12
MERGED from [com.facebook.fresco:fresco:1.4.0] AndroidManifest.xml:2:1-9:12
MERGED from [com.facebook.fresco:imagepipeline-okhttp3:1.4.0] AndroidManifest.xml:2:1-9:12
MERGED from [com.github.rocketchat:textdrawable:1.0.2] AndroidManifest.xml:2:1-14:12
MERGED from [com.facebook.android:facebook-android-sdk:4.34.0] AndroidManifest.xml:21:1-31:12
MERGED from [com.facebook.android:facebook-login:4.34.0] AndroidManifest.xml:21:1-31:12
MERGED from [com.facebook.android:facebook-share:4.34.0] AndroidManifest.xml:21:1-31:12
MERGED from [com.facebook.android:facebook-common:4.34.0] AndroidManifest.xml:21:1-37:12
MERGED from [com.android.support:cardview-v7:27.0.1] AndroidManifest.xml:17:1-22:12
MERGED from [com.github.hotchemi:permissionsdispatcher:2.4.0] AndroidManifest.xml:2:1-10:12
MERGED from [com.android.support:support-v13:27.0.1] AndroidManifest.xml:17:1-22:12
MERGED from [com.android.support:customtabs:27.0.1] AndroidManifest.xml:17:1-22:12
MERGED from [com.jakewharton.rxbinding2:rxbinding-support-v4:2.0.0] AndroidManifest.xml:2:1-8:12
MERGED from [com.jakewharton.rxbinding2:rxbinding-appcompat-v7:2.0.0] AndroidManifest.xml:2:1-8:12
MERGED from [com.jakewharton.rxbinding2:rxbinding:2.0.0] AndroidManifest.xml:2:1-8:12
MERGED from [com.pgyersdk:sdk:2.7.0] AndroidManifest.xml:2:1-25:12
MERGED from [com.android.support:design:27.0.1] AndroidManifest.xml:17:1-22:12
MERGED from [com.github.FacePlusPlus:MegviiLicMgr-Android-SDK:0.3.0] AndroidManifest.xml:2:1-11:12
MERGED from [com.github.FacePlusPlus:MegviiFacepp-Android-SDK:0.4.7] AndroidManifest.xml:2:1-11:12
MERGED from [com.shuyu:gsyVideoPlayer-java:5.0.0-beta] AndroidManifest.xml:2:1-17:12
MERGED from [com.trello.rxlifecycle2:rxlifecycle-components:2.1.0] AndroidManifest.xml:13:1-19:12
MERGED from [com.zhy:autolayout:1.4.5] AndroidManifest.xml:2:1-12:12
MERGED from [com.android.support:appcompat-v7:27.0.1] AndroidManifest.xml:17:1-22:12
MERGED from [com.android.support:recyclerview-v7:27.0.1] AndroidManifest.xml:17:1-22:12
MERGED from [com.trello.rxlifecycle2:rxlifecycle-android:2.1.0] AndroidManifest.xml:13:1-19:12
MERGED from [com.jakewharton:butterknife:8.4.0] AndroidManifest.xml:2:1-7:12
MERGED from [com.android.support:transition:27.0.1] AndroidManifest.xml:17:1-22:12
MERGED from [com.evernote:android-job:1.2.5] AndroidManifest.xml:2:1-65:12
MERGED from [org.xwalk:xwalk_core_library:23.53.589.4] AndroidManifest.xml:1:1-9:12
MERGED from [com.google.android.gms:play-services-gcm:9.0.2] AndroidManifest.xml:16:1-25:12
MERGED from [com.google.android.gms:play-services-plus:9.0.2] AndroidManifest.xml:16:1-20:12
MERGED from [com.google.android.gms:play-services-identity:9.0.2] AndroidManifest.xml:16:1-20:12
MERGED from [com.google.android.gms:play-services-iid:9.0.2] AndroidManifest.xml:16:1-25:12
MERGED from [com.google.android.gms:play-services-auth-base:9.0.2] AndroidManifest.xml:2:1-6:12
MERGED from [com.google.android.gms:play-services-base:9.0.2] AndroidManifest.xml:16:1-24:12
MERGED from [com.google.firebase:firebase-common:9.0.2] AndroidManifest.xml:2:1-13:12
MERGED from [com.google.android.gms:play-services-tasks:9.0.2] AndroidManifest.xml:2:1-6:12
MERGED from [com.google.android.gms:play-services-basement:9.0.2] AndroidManifest.xml:16:1-26:12
MERGED from [com.andkulikov:transitionseverywhere:1.7.0] AndroidManifest.xml:2:1-14:12
MERGED from [:sepay] AndroidManifest.xml:2:1-21:12
MERGED from [:gDMap] AndroidManifest.xml:2:1-25:12
MERGED from [com.android.support:support-v4:27.0.1] AndroidManifest.xml:17:1-22:12
MERGED from [com.github.bumptech.glide:glide:4.5.0] AndroidManifest.xml:2:1-13:12
MERGED from [com.android.support:support-fragment:27.0.1] AndroidManifest.xml:17:1-22:12
MERGED from [com.android.support:animated-vector-drawable:27.0.1] AndroidManifest.xml:17:1-22:12
MERGED from [com.android.support:support-core-ui:27.0.1] AndroidManifest.xml:17:1-22:12
MERGED from [com.facebook.android:facebook-places:4.34.0] AndroidManifest.xml:21:1-31:12
MERGED from [com.facebook.android:facebook-applinks:4.34.0] AndroidManifest.xml:21:1-31:12
MERGED from [com.facebook.android:facebook-messenger:4.34.0] AndroidManifest.xml:21:1-31:12
MERGED from [com.facebook.android:facebook-marketing:4.34.0] AndroidManifest.xml:21:1-35:12
MERGED from [com.facebook.android:facebook-core:4.34.0] AndroidManifest.xml:21:1-53:12
MERGED from [com.android.support:support-core-utils:27.0.1] AndroidManifest.xml:17:1-22:12
MERGED from [com.android.support:support-vector-drawable:27.0.1] AndroidManifest.xml:17:1-22:12
MERGED from [com.shuyu:GSYVideoPlayer-exo2:5.0.0-beta] AndroidManifest.xml:2:1-11:12
MERGED from [com.google.android.exoplayer:exoplayer:2.8.0] AndroidManifest.xml:17:1-24:12
MERGED from [com.google.android.exoplayer:exoplayer-ui:2.8.0] AndroidManifest.xml:17:1-24:12
MERGED from [com.android.support:support-media-compat:27.0.1] AndroidManifest.xml:17:1-22:12
MERGED from [com.android.support:support-compat:27.0.1] AndroidManifest.xml:17:1-22:12
MERGED from [com.google.android.exoplayer:extension-rtmp:2.8.0] AndroidManifest.xml:17:1-24:12
MERGED from [com.google.android.exoplayer:exoplayer-dash:2.8.0] AndroidManifest.xml:17:1-24:12
MERGED from [com.google.android.exoplayer:exoplayer-hls:2.8.0] AndroidManifest.xml:17:1-24:12
MERGED from [com.google.android.exoplayer:exoplayer-smoothstreaming:2.8.0] AndroidManifest.xml:17:1-24:12
MERGED from [com.google.android.exoplayer:exoplayer-core:2.8.0] AndroidManifest.xml:17:1-26:12
MERGED from [com.github.bumptech.glide:gifdecoder:4.5.0] AndroidManifest.xml:2:1-11:12
MERGED from [com.android.support.constraint:constraint-layout:1.0.2] AndroidManifest.xml:2:1-11:12
MERGED from [com.android.support:multidex:1.0.2] AndroidManifest.xml:17:1-22:12
MERGED from [:CordovaLib] AndroidManifest.xml:20:1-27:12
MERGED from [:qrcode] AndroidManifest.xml:2:1-11:12
MERGED from [:mainActivity] AndroidManifest.xml:2:1-11:12
MERGED from [com.getui:sdk:2.9.5.0] AndroidManifest.xml:2:1-100:12
MERGED from [me.leolin:ShortcutBadger:1.1.17] AndroidManifest.xml:2:1-52:12
MERGED from [org.litepal.android:core:1.5.1] AndroidManifest.xml:2:1-16:12
MERGED from [com.makeramen:roundedimageview:2.2.1] AndroidManifest.xml:2:1-9:12
MERGED from [org.wlf:FileDownloader:0.3.2] AndroidManifest.xml:2:1-19:12
MERGED from [com.aliyun.ams:alicloud-android-push:3.0.11] AndroidManifest.xml:2:1-174:12
MERGED from [com.aliyun.ams:alicloud-android-third-push:3.0.3] AndroidManifest.xml:2:1-103:12
MERGED from [:RocketChat-app:] AndroidManifest.xml:2:1-275:12
MERGED from [:PhotoPicker:] AndroidManifest.xml:2:1-25:12
MERGED from [:android-ddp:] AndroidManifest.xml:2:1-17:12
MERGED from [:log-wrapper:] AndroidManifest.xml:2:1-12:12
MERGED from [:persistence-realm:] AndroidManifest.xml:2:1-12:12
MERGED from [:rocket-chat-android-widgets:] AndroidManifest.xml:2:1-12:12
MERGED from [:recyclertreeview-lib:] AndroidManifest.xml:2:1-13:12
MERGED from [com.github.promeg:tinypinyin-lexicons-android-cncity:2.0.3] AndroidManifest.xml:2:1-14:12
MERGED from [com.github.promeg:tinypinyin-android-asset-lexicons:2.0.3] AndroidManifest.xml:2:1-14:12
MERGED from [me.jessyan:progressmanager:1.5.0] AndroidManifest.xml:2:1-11:12
MERGED from [com.tencent.bugly:crashreport:2.6.6.1] AndroidManifest.xml:2:1-9:12
MERGED from [com.shuyu:gsyVideoPlayer-armv5:5.0.0-beta] AndroidManifest.xml:2:1-17:12
MERGED from [com.shuyu:gsyVideoPlayer-armv7a:5.0.0-beta] AndroidManifest.xml:2:1-17:12
MERGED from [com.shuyu:gsyVideoPlayer-arm64:5.0.0-beta] AndroidManifest.xml:2:1-17:12
MERGED from [com.ogaclejapan.smarttablayout:library:1.6.1] AndroidManifest.xml:2:1-12:12
MERGED from [com.github.yusukeiwaki.android-widget:widget-fontawesome:0.0.1] AndroidManifest.xml:17:1-27:12
MERGED from [io.reactivex.rxjava2:rxandroid:2.0.1] AndroidManifest.xml:15:1-21:12
MERGED from [com.facebook.fresco:imagepipeline:1.4.0] AndroidManifest.xml:2:1-9:12
MERGED from [com.facebook.fresco:imagepipeline-base:1.4.0] AndroidManifest.xml:2:1-9:12
MERGED from [nl.littlerobots.rxlint:rxlint:1.2] AndroidManifest.xml:2:1-14:12
MERGED from [de.keyboardsurfer.android.widget:crouton:1.8.5] AndroidManifest.xml:17:1-26:12
MERGED from [cn.jzvd:jiaozivideoplayer:6.2.8] AndroidManifest.xml:2:1-13:12
MERGED from [com.contrarywind:Android-PickerView:4.1.2] AndroidManifest.xml:2:1-11:12
MERGED from [io.agora.rtc:full-sdk:2.1.0] AndroidManifest.xml:2:1-15:12
MERGED from [com.getkeepsafe.relinker:relinker:1.2.2] AndroidManifest.xml:2:1-9:12
MERGED from [com.facebook.fresco:drawee:1.4.0] AndroidManifest.xml:2:1-9:12
MERGED from [com.facebook.fresco:fbcore:1.4.0] AndroidManifest.xml:2:1-9:12
MERGED from [io.reactivex:rxandroid:1.2.0] AndroidManifest.xml:15:1-21:12
MERGED from [tv.danmaku.ijk.media:ijkplayer-java:0.8.8] AndroidManifest.xml:2:1-9:12
MERGED from [com.shuyu:gsyvideoplayer-androidvideocache:5.0.0-beta] AndroidManifest.xml:2:1-17:12
MERGED from [com.github.yusukeiwaki.android-widget:custom_font_widget_base:0.0.1] AndroidManifest.xml:17:1-27:12
MERGED from [com.contrarywind:wheelview:4.0.4] AndroidManifest.xml:2:1-17:12
MERGED from [android.arch.lifecycle:runtime:1.0.0] AndroidManifest.xml:17:1-30:12
MERGED from [net.butterflytv.utils:rtmp-client:3.0.1] AndroidManifest.xml:2:1-13:12
INJECTED from weining_v0.6\AndroidManifest.xml:2:1-612:12
INJECTED from weining_v0.6\AndroidManifest.xml:2:1-612:12
INJECTED from weining_v0.6\AndroidManifest.xml:2:1-612:12
	package
		ADDED from weining_v0.6\AndroidManifest.xml:4:5-38
		INJECTED from weining_v0.6\AndroidManifest.xml
		INJECTED from weining_v0.6\AndroidManifest.xml
	android:versionName
		ADDED from weining_v0.6\AndroidManifest.xml:7:5-32
		INJECTED from weining_v0.6\AndroidManifest.xml
		INJECTED from weining_v0.6\AndroidManifest.xml
	xmlns:tools
		ADDED from weining_v0.6\AndroidManifest.xml:3:5-51
	android:hardwareAccelerated
		ADDED from weining_v0.6\AndroidManifest.xml:5:5-39
	xmlns:android
		ADDED from weining_v0.6\AndroidManifest.xml:2:11-69
	android:versionCode
		ADDED from weining_v0.6\AndroidManifest.xml:6:5-31
		INJECTED from weining_v0.6\AndroidManifest.xml
		INJECTED from weining_v0.6\AndroidManifest.xml
supports-screens
ADDED from weining_v0.6\AndroidManifest.xml:11:5-17:40
	android:largeScreens
		ADDED from weining_v0.6\AndroidManifest.xml:13:9-36
	android:smallScreens
		ADDED from weining_v0.6\AndroidManifest.xml:16:9-36
	android:normalScreens
		ADDED from weining_v0.6\AndroidManifest.xml:14:9-37
	android:xlargeScreens
		ADDED from weining_v0.6\AndroidManifest.xml:17:9-37
	android:resizeable
		ADDED from weining_v0.6\AndroidManifest.xml:15:9-34
	android:anyDensity
		ADDED from weining_v0.6\AndroidManifest.xml:12:9-34
uses-feature#0x00020000
ADDED from weining_v0.6\AndroidManifest.xml:19:5-21:48
	android:glEsVersion
		ADDED from weining_v0.6\AndroidManifest.xml:20:9-41
	android:required
		ADDED from weining_v0.6\AndroidManifest.xml:21:9-32
uses-permission#android.permission.RECEIVE_BOOT_COMPLETED
ADDED from weining_v0.6\AndroidManifest.xml:23:5-81
MERGED from [com.evernote:android-job:1.2.5] AndroidManifest.xml:14:5-81
MERGED from [com.evernote:android-job:1.2.5] AndroidManifest.xml:14:5-81
MERGED from [com.getui:sdk:2.9.5.0] AndroidManifest.xml:17:5-81
MERGED from [com.getui:sdk:2.9.5.0] AndroidManifest.xml:17:5-81
MERGED from [com.aliyun.ams:alicloud-android-push:3.0.11] AndroidManifest.xml:22:5-81
MERGED from [com.aliyun.ams:alicloud-android-push:3.0.11] AndroidManifest.xml:22:5-81
MERGED from [:RocketChat-app:] AndroidManifest.xml:18:5-81
MERGED from [:RocketChat-app:] AndroidManifest.xml:18:5-81
	android:name
		ADDED from weining_v0.6\AndroidManifest.xml:23:22-78
uses-permission#android.permission.MANAGE_DOCUMENTS
ADDED from weining_v0.6\AndroidManifest.xml:24:5-75
MERGED from [:RocketChat-app:] AndroidManifest.xml:23:5-75
MERGED from [:RocketChat-app:] AndroidManifest.xml:23:5-75
	android:name
		ADDED from weining_v0.6\AndroidManifest.xml:24:22-72
uses-permission#android.permission.SYSTEM_ALERT_WINDOW
ADDED from weining_v0.6\AndroidManifest.xml:27:5-78
MERGED from [com.getui:sdk:2.9.5.0] AndroidManifest.xml:23:5-78
MERGED from [com.getui:sdk:2.9.5.0] AndroidManifest.xml:23:5-78
	android:name
		ADDED from weining_v0.6\AndroidManifest.xml:27:22-75
uses-permission#android.permission.INTERNET
ADDED from weining_v0.6\AndroidManifest.xml:28:5-67
MERGED from [com.google.android.gms:play-services-gcm:9.0.2] AndroidManifest.xml:22:5-67
MERGED from [com.google.android.gms:play-services-gcm:9.0.2] AndroidManifest.xml:22:5-67
MERGED from [com.google.android.gms:play-services-iid:9.0.2] AndroidManifest.xml:22:5-67
MERGED from [com.google.android.gms:play-services-iid:9.0.2] AndroidManifest.xml:22:5-67
MERGED from [:sepay] AndroidManifest.xml:9:5-67
MERGED from [:sepay] AndroidManifest.xml:9:5-67
MERGED from [:gDMap] AndroidManifest.xml:11:5-67
MERGED from [:gDMap] AndroidManifest.xml:11:5-67
MERGED from [com.getui:sdk:2.9.5.0] AndroidManifest.xml:11:5-67
MERGED from [com.getui:sdk:2.9.5.0] AndroidManifest.xml:11:5-67
MERGED from [org.wlf:FileDownloader:0.3.2] AndroidManifest.xml:15:5-67
MERGED from [org.wlf:FileDownloader:0.3.2] AndroidManifest.xml:15:5-67
MERGED from [com.aliyun.ams:alicloud-android-push:3.0.11] AndroidManifest.xml:13:5-67
MERGED from [com.aliyun.ams:alicloud-android-push:3.0.11] AndroidManifest.xml:13:5-67
MERGED from [com.aliyun.ams:alicloud-android-third-push:3.0.3] AndroidManifest.xml:21:5-67
MERGED from [com.aliyun.ams:alicloud-android-third-push:3.0.3] AndroidManifest.xml:21:5-67
MERGED from [:RocketChat-app:] AndroidManifest.xml:12:5-67
MERGED from [:RocketChat-app:] AndroidManifest.xml:12:5-67
MERGED from [net.butterflytv.utils:rtmp-client:3.0.1] AndroidManifest.xml:11:5-67
MERGED from [net.butterflytv.utils:rtmp-client:3.0.1] AndroidManifest.xml:11:5-67
	android:name
		ADDED from weining_v0.6\AndroidManifest.xml:28:22-64
uses-permission#android.permission.ACCESS_NETWORK_STATE
ADDED from weining_v0.6\AndroidManifest.xml:29:5-79
MERGED from [com.evernote:android-job:1.2.5] AndroidManifest.xml:13:5-79
MERGED from [com.evernote:android-job:1.2.5] AndroidManifest.xml:13:5-79
MERGED from [:sepay] AndroidManifest.xml:10:5-79
MERGED from [:sepay] AndroidManifest.xml:10:5-79
MERGED from [:gDMap] AndroidManifest.xml:14:5-79
MERGED from [:gDMap] AndroidManifest.xml:14:5-79
MERGED from [com.google.android.exoplayer:exoplayer-core:2.8.0] AndroidManifest.xml:24:5-79
MERGED from [com.google.android.exoplayer:exoplayer-core:2.8.0] AndroidManifest.xml:24:5-79
MERGED from [com.getui:sdk:2.9.5.0] AndroidManifest.xml:13:5-79
MERGED from [com.getui:sdk:2.9.5.0] AndroidManifest.xml:13:5-79
MERGED from [org.wlf:FileDownloader:0.3.2] AndroidManifest.xml:12:5-79
MERGED from [org.wlf:FileDownloader:0.3.2] AndroidManifest.xml:12:5-79
MERGED from [com.aliyun.ams:alicloud-android-push:3.0.11] AndroidManifest.xml:14:5-79
MERGED from [com.aliyun.ams:alicloud-android-push:3.0.11] AndroidManifest.xml:14:5-79
MERGED from [com.aliyun.ams:alicloud-android-third-push:3.0.3] AndroidManifest.xml:20:5-79
MERGED from [com.aliyun.ams:alicloud-android-third-push:3.0.3] AndroidManifest.xml:20:5-79
MERGED from [:RocketChat-app:] AndroidManifest.xml:13:5-79
MERGED from [:RocketChat-app:] AndroidManifest.xml:13:5-79
MERGED from [cn.jzvd:jiaozivideoplayer:6.2.8] AndroidManifest.xml:11:5-79
MERGED from [cn.jzvd:jiaozivideoplayer:6.2.8] AndroidManifest.xml:11:5-79
	android:name
		ADDED from weining_v0.6\AndroidManifest.xml:29:22-76
uses-permission#android.permission.READ_PHONE_STATE
ADDED from weining_v0.6\AndroidManifest.xml:30:5-75
MERGED from [:sepay] AndroidManifest.xml:12:5-75
MERGED from [:sepay] AndroidManifest.xml:12:5-75
MERGED from [:gDMap] AndroidManifest.xml:17:5-75
MERGED from [:gDMap] AndroidManifest.xml:17:5-75
MERGED from [com.getui:sdk:2.9.5.0] AndroidManifest.xml:12:5-75
MERGED from [com.getui:sdk:2.9.5.0] AndroidManifest.xml:12:5-75
MERGED from [com.aliyun.ams:alicloud-android-push:3.0.11] AndroidManifest.xml:18:5-75
MERGED from [com.aliyun.ams:alicloud-android-push:3.0.11] AndroidManifest.xml:18:5-75
MERGED from [:RocketChat-app:] AndroidManifest.xml:24:5-75
MERGED from [:RocketChat-app:] AndroidManifest.xml:24:5-75
	android:name
		ADDED from weining_v0.6\AndroidManifest.xml:30:22-72
uses-permission#android.permission.ACCESS_WIFI_STATE
ADDED from weining_v0.6\AndroidManifest.xml:31:5-76
MERGED from [com.pgyersdk:sdk:2.7.0] AndroidManifest.xml:10:5-76
MERGED from [com.pgyersdk:sdk:2.7.0] AndroidManifest.xml:10:5-76
MERGED from [:sepay] AndroidManifest.xml:11:5-76
MERGED from [:sepay] AndroidManifest.xml:11:5-76
MERGED from [:gDMap] AndroidManifest.xml:19:5-76
MERGED from [:gDMap] AndroidManifest.xml:19:5-76
MERGED from [com.getui:sdk:2.9.5.0] AndroidManifest.xml:15:5-76
MERGED from [com.getui:sdk:2.9.5.0] AndroidManifest.xml:15:5-76
MERGED from [org.wlf:FileDownloader:0.3.2] AndroidManifest.xml:13:5-76
MERGED from [org.wlf:FileDownloader:0.3.2] AndroidManifest.xml:13:5-76
MERGED from [com.aliyun.ams:alicloud-android-push:3.0.11] AndroidManifest.xml:15:5-76
MERGED from [com.aliyun.ams:alicloud-android-push:3.0.11] AndroidManifest.xml:15:5-76
MERGED from [:RocketChat-app:] AndroidManifest.xml:14:5-76
MERGED from [:RocketChat-app:] AndroidManifest.xml:14:5-76
	android:name
		ADDED from weining_v0.6\AndroidManifest.xml:31:22-73
uses-permission#android.permission.WRITE_EXTERNAL_STORAGE
ADDED from weining_v0.6\AndroidManifest.xml:32:5-81
MERGED from [:sepay] AndroidManifest.xml:13:5-81
MERGED from [:sepay] AndroidManifest.xml:13:5-81
MERGED from [:gDMap] AndroidManifest.xml:12:5-81
MERGED from [:gDMap] AndroidManifest.xml:12:5-81
MERGED from [com.getui:sdk:2.9.5.0] AndroidManifest.xml:18:5-81
MERGED from [com.getui:sdk:2.9.5.0] AndroidManifest.xml:18:5-81
MERGED from [org.wlf:FileDownloader:0.3.2] AndroidManifest.xml:17:5-81
MERGED from [org.wlf:FileDownloader:0.3.2] AndroidManifest.xml:17:5-81
MERGED from [com.aliyun.ams:alicloud-android-push:3.0.11] AndroidManifest.xml:16:5-81
MERGED from [com.aliyun.ams:alicloud-android-push:3.0.11] AndroidManifest.xml:16:5-81
MERGED from [com.aliyun.ams:alicloud-android-push:3.0.11] AndroidManifest.xml:26:5-81
MERGED from [com.aliyun.ams:alicloud-android-push:3.0.11] AndroidManifest.xml:26:5-81
MERGED from [:RocketChat-app:] AndroidManifest.xml:16:5-81
MERGED from [:RocketChat-app:] AndroidManifest.xml:16:5-81
MERGED from [:PhotoPicker:] AndroidManifest.xml:9:5-81
MERGED from [:PhotoPicker:] AndroidManifest.xml:9:5-81
	android:name
		ADDED from weining_v0.6\AndroidManifest.xml:32:22-78
uses-permission#android.permission.RECORD_AUDIO
ADDED from weining_v0.6\AndroidManifest.xml:33:5-71
MERGED from [:sepay] AndroidManifest.xml:17:5-71
MERGED from [:sepay] AndroidManifest.xml:17:5-71
MERGED from [:RocketChat-app:] AndroidManifest.xml:21:5-71
MERGED from [:RocketChat-app:] AndroidManifest.xml:21:5-71
	android:name
		ADDED from weining_v0.6\AndroidManifest.xml:33:22-68
uses-permission#android.permission.CAPTURE_AUDIO_OUTPUT
ADDED from weining_v0.6\AndroidManifest.xml:34:5-79
	android:name
		ADDED from weining_v0.6\AndroidManifest.xml:34:22-76
uses-permission#android.permission.WAKE_LOCK
ADDED from weining_v0.6\AndroidManifest.xml:36:5-68
MERGED from [com.evernote:android-job:1.2.5] AndroidManifest.xml:12:5-68
MERGED from [com.evernote:android-job:1.2.5] AndroidManifest.xml:12:5-68
MERGED from [:gDMap] AndroidManifest.xml:21:5-68
MERGED from [:gDMap] AndroidManifest.xml:21:5-68
MERGED from [com.getui:sdk:2.9.5.0] AndroidManifest.xml:16:5-68
MERGED from [com.getui:sdk:2.9.5.0] AndroidManifest.xml:16:5-68
MERGED from [com.aliyun.ams:alicloud-android-push:3.0.11] AndroidManifest.xml:17:5-68
MERGED from [com.aliyun.ams:alicloud-android-push:3.0.11] AndroidManifest.xml:17:5-68
MERGED from [com.aliyun.ams:alicloud-android-third-push:3.0.3] AndroidManifest.xml:22:5-68
MERGED from [com.aliyun.ams:alicloud-android-third-push:3.0.3] AndroidManifest.xml:22:5-68
MERGED from [:RocketChat-app:] AndroidManifest.xml:19:5-68
MERGED from [:RocketChat-app:] AndroidManifest.xml:19:5-68
MERGED from [:RocketChat-app:] AndroidManifest.xml:28:5-68
MERGED from [:RocketChat-app:] AndroidManifest.xml:28:5-68
	android:name
		ADDED from weining_v0.6\AndroidManifest.xml:36:22-65
uses-permission#android.permission.DISABLE_KEYGUARD
ADDED from weining_v0.6\AndroidManifest.xml:37:5-75
	android:name
		ADDED from weining_v0.6\AndroidManifest.xml:37:22-72
uses-permission#android.permission.USE_FINGERPRINT
ADDED from weining_v0.6\AndroidManifest.xml:39:5-74
	android:name
		ADDED from weining_v0.6\AndroidManifest.xml:39:22-71
uses-permission#android.permission.BAIDU_LOCATION_SERVICE
ADDED from weining_v0.6\AndroidManifest.xml:42:5-81
	android:name
		ADDED from weining_v0.6\AndroidManifest.xml:42:22-78
uses-permission#android.permission.MOUNT_UNMOUNT_FILESYSTEMS
ADDED from weining_v0.6\AndroidManifest.xml:43:5-84
MERGED from [com.aliyun.ams:alicloud-android-push:3.0.11] AndroidManifest.xml:27:5-84
MERGED from [com.aliyun.ams:alicloud-android-push:3.0.11] AndroidManifest.xml:27:5-84
MERGED from [:RocketChat-app:] AndroidManifest.xml:17:5-84
MERGED from [:RocketChat-app:] AndroidManifest.xml:17:5-84
	android:name
		ADDED from weining_v0.6\AndroidManifest.xml:43:22-81
uses-permission#android.permission.ACCESS_FINE_LOCATION
ADDED from weining_v0.6\AndroidManifest.xml:45:5-79
MERGED from [:gDMap] AndroidManifest.xml:15:5-79
MERGED from [:gDMap] AndroidManifest.xml:15:5-79
	android:name
		ADDED from weining_v0.6\AndroidManifest.xml:45:22-76
uses-permission#android.permission.CHANGE_WIFI_STATE
ADDED from weining_v0.6\AndroidManifest.xml:49:5-76
MERGED from [:gDMap] AndroidManifest.xml:18:5-76
MERGED from [:gDMap] AndroidManifest.xml:18:5-76
MERGED from [com.getui:sdk:2.9.5.0] AndroidManifest.xml:14:5-76
MERGED from [com.getui:sdk:2.9.5.0] AndroidManifest.xml:14:5-76
MERGED from [org.wlf:FileDownloader:0.3.2] AndroidManifest.xml:14:5-76
MERGED from [org.wlf:FileDownloader:0.3.2] AndroidManifest.xml:14:5-76
	android:name
		ADDED from weining_v0.6\AndroidManifest.xml:49:22-73
uses-permission#android.permission.READ_LOGS
ADDED from weining_v0.6\AndroidManifest.xml:52:5-68
MERGED from [:RocketChat-app:] AndroidManifest.xml:25:5-68
MERGED from [:RocketChat-app:] AndroidManifest.xml:25:5-68
	android:name
		ADDED from weining_v0.6\AndroidManifest.xml:52:22-65
uses-permission#android.permission.MANAGE_USERS
ADDED from weining_v0.6\AndroidManifest.xml:53:5-71
	android:name
		ADDED from weining_v0.6\AndroidManifest.xml:53:22-68
uses-permission#android.permission.INTERACT_ACROSS_USERS
ADDED from weining_v0.6\AndroidManifest.xml:54:5-80
	android:name
		ADDED from weining_v0.6\AndroidManifest.xml:54:22-77
uses-permission#android.permission.ACCESS_COARSE_LOCATION
ADDED from weining_v0.6\AndroidManifest.xml:58:5-81
MERGED from [:gDMap] AndroidManifest.xml:13:5-81
MERGED from [:gDMap] AndroidManifest.xml:13:5-81
	android:name
		ADDED from weining_v0.6\AndroidManifest.xml:58:22-78
uses-permission#android.permission.MODIFY_AUDIO_SETTINGS
ADDED from weining_v0.6\AndroidManifest.xml:61:5-80
MERGED from [:sepay] AndroidManifest.xml:18:5-80
MERGED from [:sepay] AndroidManifest.xml:18:5-80
MERGED from [:RocketChat-app:] AndroidManifest.xml:27:5-80
MERGED from [:RocketChat-app:] AndroidManifest.xml:27:5-80
	android:name
		ADDED from weining_v0.6\AndroidManifest.xml:61:22-77
uses-permission#android.permission.RECORD_VIDEO
ADDED from weining_v0.6\AndroidManifest.xml:63:5-71
	android:name
		ADDED from weining_v0.6\AndroidManifest.xml:63:22-68
uses-permission#android.permission.VIBRATE
ADDED from weining_v0.6\AndroidManifest.xml:65:5-66
MERGED from [com.getui:sdk:2.9.5.0] AndroidManifest.xml:19:5-66
MERGED from [com.getui:sdk:2.9.5.0] AndroidManifest.xml:19:5-66
MERGED from [com.aliyun.ams:alicloud-android-push:3.0.11] AndroidManifest.xml:23:5-66
MERGED from [com.aliyun.ams:alicloud-android-push:3.0.11] AndroidManifest.xml:23:5-66
MERGED from [:RocketChat-app:] AndroidManifest.xml:20:5-66
MERGED from [:RocketChat-app:] AndroidManifest.xml:20:5-66
	android:name
		ADDED from weining_v0.6\AndroidManifest.xml:65:22-63
uses-permission#com.google.android.c2dm.permission.RECEIVE
ADDED from weining_v0.6\AndroidManifest.xml:66:5-82
MERGED from [com.google.android.gms:play-services-gcm:9.0.2] AndroidManifest.xml:21:5-82
MERGED from [com.google.android.gms:play-services-gcm:9.0.2] AndroidManifest.xml:21:5-82
MERGED from [com.google.android.gms:play-services-iid:9.0.2] AndroidManifest.xml:21:5-82
MERGED from [com.google.android.gms:play-services-iid:9.0.2] AndroidManifest.xml:21:5-82
MERGED from [com.aliyun.ams:alicloud-android-third-push:3.0.3] AndroidManifest.xml:23:5-82
MERGED from [com.aliyun.ams:alicloud-android-third-push:3.0.3] AndroidManifest.xml:23:5-82
	android:name
		ADDED from weining_v0.6\AndroidManifest.xml:66:22-79
uses-permission#android.permission.CAMERA
ADDED from weining_v0.6\AndroidManifest.xml:67:5-65
MERGED from [:RocketChat-app:] AndroidManifest.xml:22:5-65
MERGED from [:RocketChat-app:] AndroidManifest.xml:22:5-65
MERGED from [:PhotoPicker:] AndroidManifest.xml:11:5-65
MERGED from [:PhotoPicker:] AndroidManifest.xml:11:5-65
MERGED from [io.agora.rtc:full-sdk:2.1.0] AndroidManifest.xml:11:5-65
MERGED from [io.agora.rtc:full-sdk:2.1.0] AndroidManifest.xml:11:5-65
	android:name
		ADDED from weining_v0.6\AndroidManifest.xml:67:22-62
uses-feature#android.hardware.camera
ADDED from weining_v0.6\AndroidManifest.xml:70:5-60
	android:name
		ADDED from weining_v0.6\AndroidManifest.xml:70:19-57
uses-feature#android.hardware.camera.autofocus
ADDED from weining_v0.6\AndroidManifest.xml:71:5-70
	android:name
		ADDED from weining_v0.6\AndroidManifest.xml:71:19-67
uses-permission#android.permission.ACCESS_LOCATION_EXTRA_COMMANDS
ADDED from weining_v0.6\AndroidManifest.xml:73:5-89
MERGED from [:gDMap] AndroidManifest.xml:16:5-89
MERGED from [:gDMap] AndroidManifest.xml:16:5-89
	android:name
		ADDED from weining_v0.6\AndroidManifest.xml:73:22-86
uses-permission#android.permission.GET_TASKS
ADDED from weining_v0.6\AndroidManifest.xml:74:5-68
MERGED from [com.getui:sdk:2.9.5.0] AndroidManifest.xml:20:5-68
MERGED from [com.getui:sdk:2.9.5.0] AndroidManifest.xml:20:5-68
MERGED from [com.aliyun.ams:alicloud-android-push:3.0.11] AndroidManifest.xml:20:5-68
MERGED from [com.aliyun.ams:alicloud-android-push:3.0.11] AndroidManifest.xml:20:5-68
MERGED from [:RocketChat-app:] AndroidManifest.xml:26:5-68
MERGED from [:RocketChat-app:] AndroidManifest.xml:26:5-68
	android:name
		ADDED from weining_v0.6\AndroidManifest.xml:74:22-65
uses-permission#android.permission.GET_ACCOUNTS
ADDED from weining_v0.6\AndroidManifest.xml:82:5-71
MERGED from [com.aliyun.ams:alicloud-android-push:3.0.11] AndroidManifest.xml:21:5-71
MERGED from [com.aliyun.ams:alicloud-android-push:3.0.11] AndroidManifest.xml:21:5-71
	android:name
		ADDED from weining_v0.6\AndroidManifest.xml:82:22-68
uses-permission#android.permission.USE_CREDENTIALS
ADDED from weining_v0.6\AndroidManifest.xml:83:5-74
	android:name
		ADDED from weining_v0.6\AndroidManifest.xml:83:22-71
uses-permission#android.permission.READ_EXTERNAL_STORAGE
ADDED from weining_v0.6\AndroidManifest.xml:84:5-80
MERGED from [com.aliyun.ams:alicloud-android-push:3.0.11] AndroidManifest.xml:25:5-80
MERGED from [com.aliyun.ams:alicloud-android-push:3.0.11] AndroidManifest.xml:25:5-80
MERGED from [:RocketChat-app:] AndroidManifest.xml:15:5-80
MERGED from [:RocketChat-app:] AndroidManifest.xml:15:5-80
MERGED from [:PhotoPicker:] AndroidManifest.xml:10:5-80
MERGED from [:PhotoPicker:] AndroidManifest.xml:10:5-80
	android:name
		ADDED from weining_v0.6\AndroidManifest.xml:84:22-77
uses-permission#android.permission.BLUETOOTH
ADDED from weining_v0.6\AndroidManifest.xml:87:5-68
	android:name
		ADDED from weining_v0.6\AndroidManifest.xml:87:22-65
uses-permission#android.permission.BLUETOOTH_ADMIN
ADDED from weining_v0.6\AndroidManifest.xml:88:5-74
	android:name
		ADDED from weining_v0.6\AndroidManifest.xml:88:22-71
uses-permission#android.permission.RESTART_PACKAGES
ADDED from weining_v0.6\AndroidManifest.xml:92:5-75
MERGED from [com.aliyun.ams:alicloud-android-push:3.0.11] AndroidManifest.xml:19:5-75
MERGED from [com.aliyun.ams:alicloud-android-push:3.0.11] AndroidManifest.xml:19:5-75
	android:name
		ADDED from weining_v0.6\AndroidManifest.xml:92:22-72
uses-permission#android.permission.KILL_BACKGROUND_PROCESSES
ADDED from weining_v0.6\AndroidManifest.xml:93:5-84
	android:name
		ADDED from weining_v0.6\AndroidManifest.xml:93:22-81
application
ADDED from weining_v0.6\AndroidManifest.xml:95:5-611:19
MERGED from [com.github.rocketchat:textdrawable:1.0.2] AndroidManifest.xml:12:5-20
MERGED from [com.github.rocketchat:textdrawable:1.0.2] AndroidManifest.xml:12:5-20